<?xml version="1.0" encoding="UTF-8"?>
<!-- Generated by org.testng.reporters.JUnitReportReporter -->
<testsuite hostname="LAPTOP-Q93LSD07" failures="0" tests="5" name="testCases.TC_003_LoginDDT" time="49.183" errors="0" timestamp="2023-01-17T14:57:01 IST" skipped="0">
  <testcase classname="testCases.TC_003_LoginDDT" name="test_loginDDT" time="3.640"/>
  <system-out/>
  <testcase classname="testCases.TC_003_LoginDDT" name="test_loginDDT" time="11.177"/>
  <system-out/>
  <testcase classname="testCases.TC_003_LoginDDT" name="test_loginDDT" time="11.494"/>
  <system-out/>
  <testcase classname="testCases.TC_003_LoginDDT" name="test_loginDDT" time="11.723"/>
  <system-out/>
  <testcase classname="testCases.TC_003_LoginDDT" name="test_loginDDT" time="11.149"/>
  <system-out/>
</testsuite> <!-- testCases.TC_003_LoginDDT -->
