<?xml version="1.0" encoding="UTF-8"?>
<!-- Generated by org.testng.reporters.JUnitReportReporter -->
<testsuite hostname="LAPTOP-Q93LSD07" failures="0" tests="1" name="testCases.TC_002_LoginTest" time="2.743" errors="0" timestamp="2023-01-18T13:29:55 IST" skipped="0">
  <testcase classname="testCases.TC_002_LoginTest" name="test_Login" time="2.743"/>
  <system-out/>
</testsuite> <!-- testCases.TC_002_LoginTest -->
