<?xml version="1.0" encoding="UTF-8"?>
<!-- Generated by org.testng.reporters.JUnitReportReporter -->
<testsuite hostname="LAPTOP-Q93LSD07" failures="0" tests="1" name="testCases.TC_001_AccountRegistrationTest" time="8.203" errors="0" timestamp="2023-01-18T13:29:55 IST" skipped="0">
  <testcase classname="testCases.TC_001_AccountRegistrationTest" name="test_account_Registration" time="8.203"/>
  <system-out/>
</testsuite> <!-- testCases.TC_001_AccountRegistrationTest -->
